# JRE version: OpenJDK Runtime Environment (17.0.11) (build 17.0.11+0--11852314)
# Java VM: OpenJDK 64-Bit Server VM (17.0.11+0--11852314, mixed mode, tiered, compressed oops, compressed class ptrs, g1 gc, windows-amd64)
GC Precious Log:
 CPUs: 4 total, 4 available
 Memory: 11982M
 Large Page Support: Disabled
 NUMA Support: Disabled
 Compressed Oops: Enabled (32-bit)
 Heap Region Size: 1M
 Heap Min Capacity: 8M
 Heap Initial Capacity: 188M
 Heap Max Capacity: 2G
 Pre-touch: Disabled
 Parallel Workers: 4
 Concurrent Workers: 1
 Concurrent Refinement Workers: 4
 Periodic GC: Disabled
Heap:
 garbage-first heap   total 454656K, used 307529K [0x0000000080000000, 0x0000000100000000)
  region size 1024K, 66 young (67584K), 3 survivors (3072K)
 Metaspace       used 144559K, committed 145728K, reserved 1179648K
  class space    used 19051K, committed 19584K, reserved 1048576K
GC Heap History (20 events):
Event: 74.906 GC heap before
{Heap before GC invocations=64 (full 0):
 garbage-first heap   total 306176K, used 263787K [0x0000000080000000, 0x0000000100000000)
  region size 1024K, 53 young (54272K), 6 survivors (6144K)
 Metaspace       used 135355K, committed 136384K, reserved 1179648K
  class space    used 17837K, committed 18304K, reserved 1048576K
}
Event: 74.916 GC heap after
{Heap after GC invocations=65 (full 0):
 garbage-first heap   total 306176K, used 221299K [0x0000000080000000, 0x0000000100000000)
  region size 1024K, 6 young (6144K), 6 survivors (6144K)
 Metaspace       used 135355K, committed 136384K, reserved 1179648K
  class space    used 17837K, committed 18304K, reserved 1048576K
}
Event: 75.471 GC heap before
{Heap before GC invocations=65 (full 0):
 garbage-first heap   total 306176K, used 263283K [0x0000000080000000, 0x0000000100000000)
  region size 1024K, 47 young (48128K), 6 survivors (6144K)
 Metaspace       used 136697K, committed 137728K, reserved 1179648K
  class space    used 18075K, committed 18560K, reserved 1048576K
}
Event: 75.483 GC heap after
{Heap after GC invocations=66 (full 0):
 garbage-first heap   total 306176K, used 227328K [0x0000000080000000, 0x0000000100000000)
  region size 1024K, 6 young (6144K), 6 survivors (6144K)
 Metaspace       used 136697K, committed 137728K, reserved 1179648K
  class space    used 18075K, committed 18560K, reserved 1048576K
}
Event: 75.878 GC heap before
{Heap before GC invocations=66 (full 0):
 garbage-first heap   total 306176K, used 263168K [0x0000000080000000, 0x0000000100000000)
  region size 1024K, 41 young (41984K), 6 survivors (6144K)
 Metaspace       used 136756K, committed 137792K, reserved 1179648K
  class space    used 18086K, committed 18560K, reserved 1048576K
}
Event: 75.893 GC heap after
{Heap after GC invocations=67 (full 0):
 garbage-first heap   total 306176K, used 232496K [0x0000000080000000, 0x0000000100000000)
  region size 1024K, 5 young (5120K), 5 survivors (5120K)
 Metaspace       used 136756K, committed 137792K, reserved 1179648K
  class space    used 18086K, committed 18560K, reserved 1048576K
}
Event: 76.213 GC heap before
{Heap before GC invocations=67 (full 0):
 garbage-first heap   total 306176K, used 262192K [0x0000000080000000, 0x0000000100000000)
  region size 1024K, 35 young (35840K), 5 survivors (5120K)
 Metaspace       used 136790K, committed 137792K, reserved 1179648K
  class space    used 18088K, committed 18560K, reserved 1048576K
}
Event: 76.220 GC heap after
{Heap after GC invocations=68 (full 0):
 garbage-first heap   total 306176K, used 233400K [0x0000000080000000, 0x0000000100000000)
  region size 1024K, 4 young (4096K), 4 survivors (4096K)
 Metaspace       used 136790K, committed 137792K, reserved 1179648K
  class space    used 18088K, committed 18560K, reserved 1048576K
}
Event: 76.805 GC heap before
{Heap before GC invocations=68 (full 0):
 garbage-first heap   total 306176K, used 265144K [0x0000000080000000, 0x0000000100000000)
  region size 1024K, 33 young (33792K), 4 survivors (4096K)
 Metaspace       used 139294K, committed 140416K, reserved 1179648K
  class space    used 18434K, committed 18944K, reserved 1048576K
}
Event: 76.823 GC heap after
{Heap after GC invocations=69 (full 0):
 garbage-first heap   total 306176K, used 243136K [0x0000000080000000, 0x0000000100000000)
  region size 1024K, 5 young (5120K), 5 survivors (5120K)
 Metaspace       used 139294K, committed 140416K, reserved 1179648K
  class space    used 18434K, committed 18944K, reserved 1048576K
}
Event: 77.247 GC heap before
{Heap before GC invocations=69 (full 0):
 garbage-first heap   total 306176K, used 259520K [0x0000000080000000, 0x0000000100000000)
  region size 1024K, 21 young (21504K), 5 survivors (5120K)
 Metaspace       used 139485K, committed 140608K, reserved 1179648K
  class space    used 18452K, committed 19008K, reserved 1048576K
}
Event: 77.260 GC heap after
{Heap after GC invocations=70 (full 0):
 garbage-first heap   total 367616K, used 255658K [0x0000000080000000, 0x0000000100000000)
  region size 1024K, 3 young (3072K), 3 survivors (3072K)
 Metaspace       used 139485K, committed 140608K, reserved 1179648K
  class space    used 18452K, committed 19008K, reserved 1048576K
}
Event: 77.860 GC heap before
{Heap before GC invocations=70 (full 0):
 garbage-first heap   total 367616K, used 288426K [0x0000000080000000, 0x0000000100000000)
  region size 1024K, 36 young (36864K), 3 survivors (3072K)
 Metaspace       used 141967K, committed 143104K, reserved 1179648K
  class space    used 18770K, committed 19328K, reserved 1048576K
}
Event: 77.867 GC heap after
{Heap after GC invocations=71 (full 0):
 garbage-first heap   total 367616K, used 257750K [0x0000000080000000, 0x0000000100000000)
  region size 1024K, 2 young (2048K), 2 survivors (2048K)
 Metaspace       used 141967K, committed 143104K, reserved 1179648K
  class space    used 18770K, committed 19328K, reserved 1048576K
}
Event: 78.861 GC heap before
{Heap before GC invocations=71 (full 0):
 garbage-first heap   total 367616K, used 301782K [0x0000000080000000, 0x0000000100000000)
  region size 1024K, 18 young (18432K), 2 survivors (2048K)
 Metaspace       used 142259K, committed 143360K, reserved 1179648K
  class space    used 18785K, committed 19328K, reserved 1048576K
}
Event: 78.872 GC heap after
{Heap after GC invocations=72 (full 0):
 garbage-first heap   total 367616K, used 260657K [0x0000000080000000, 0x0000000100000000)
  region size 1024K, 5 young (5120K), 5 survivors (5120K)
 Metaspace       used 142259K, committed 143360K, reserved 1179648K
  class space    used 18785K, committed 19328K, reserved 1048576K
}
Event: 81.728 GC heap before
{Heap before GC invocations=73 (full 0):
 garbage-first heap   total 454656K, used 294449K [0x0000000080000000, 0x0000000100000000)
  region size 1024K, 37 young (37888K), 5 survivors (5120K)
 Metaspace       used 144057K, committed 145152K, reserved 1179648K
  class space    used 18986K, committed 19520K, reserved 1048576K
}
Event: 81.747 GC heap after
{Heap after GC invocations=74 (full 0):
 garbage-first heap   total 454656K, used 262598K [0x0000000080000000, 0x0000000100000000)
  region size 1024K, 3 young (3072K), 3 survivors (3072K)
 Metaspace       used 144057K, committed 145152K, reserved 1179648K
  class space    used 18986K, committed 19520K, reserved 1048576K
}
Event: 82.688 GC heap before
{Heap before GC invocations=74 (full 0):
 garbage-first heap   total 454656K, used 281030K [0x0000000080000000, 0x0000000100000000)
  region size 1024K, 22 young (22528K), 3 survivors (3072K)
 Metaspace       used 144420K, committed 145536K, reserved 1179648K
  class space    used 19036K, committed 19584K, reserved 1048576K
}
Event: 82.719 GC heap after
{Heap after GC invocations=75 (full 0):
 garbage-first heap   total 454656K, used 241993K [0x0000000080000000, 0x0000000100000000)
  region size 1024K, 3 young (3072K), 3 survivors (3072K)
 Metaspace       used 144420K, committed 145536K, reserved 1179648K
  class space    used 19036K, committed 19584K, reserved 1048576K
}

