# JRE version: OpenJDK Runtime Environment (17.0.11) (build 17.0.11+0--11852314)
# Java VM: OpenJDK 64-Bit Server VM (17.0.11+0--11852314, mixed mode, tiered, compressed oops, compressed class ptrs, g1 gc, windows-amd64)
GC Precious Log:
 CPUs: 4 total, 4 available
 Memory: 11982M
 Large Page Support: Disabled
 NUMA Support: Disabled
 Compressed Oops: Enabled (32-bit)
 Heap Region Size: 1M
 Heap Min Capacity: 8M
 Heap Initial Capacity: 188M
 Heap Max Capacity: 2G
 Pre-touch: Disabled
 Parallel Workers: 4
 Concurrent Workers: 1
 Concurrent Refinement Workers: 4
 Periodic GC: Disabled
Heap:
 garbage-first heap   total 508928K, used 325120K [0x0000000080000000, 0x0000000100000000)
  region size 1024K, 3 young (3072K), 3 survivors (3072K)
 Metaspace       used 146313K, committed 147392K, reserved 1179648K
  class space    used 19389K, committed 19904K, reserved 1048576K
GC Heap History (20 events):
Event: 276.170 GC heap after
{Heap after GC invocations=89 (full 0):
 garbage-first heap   total 460800K, used 200704K [0x0000000080000000, 0x0000000100000000)
  region size 1024K, 2 young (2048K), 2 survivors (2048K)
 Metaspace       used 123788K, committed 124672K, reserved 1179648K
  class space    used 16418K, committed 16832K, reserved 1048576K
}
Event: 281.168 GC heap before
{Heap before GC invocations=89 (full 0):
 garbage-first heap   total 460800K, used 349184K [0x0000000080000000, 0x0000000100000000)
  region size 1024K, 149 young (152576K), 2 survivors (2048K)
 Metaspace       used 128122K, committed 129088K, reserved 1179648K
  class space    used 16777K, committed 17216K, reserved 1048576K
}
Event: 281.175 GC heap after
{Heap after GC invocations=90 (full 0):
 garbage-first heap   total 460800K, used 203204K [0x0000000080000000, 0x0000000100000000)
  region size 1024K, 4 young (4096K), 4 survivors (4096K)
 Metaspace       used 128122K, committed 129088K, reserved 1179648K
  class space    used 16777K, committed 17216K, reserved 1048576K
}
Event: 287.498 GC heap before
{Heap before GC invocations=91 (full 0):
 garbage-first heap   total 460800K, used 352708K [0x0000000080000000, 0x0000000100000000)
  region size 1024K, 161 young (164864K), 4 survivors (4096K)
 Metaspace       used 130127K, committed 131136K, reserved 1179648K
  class space    used 16978K, committed 17472K, reserved 1048576K
}
Event: 287.509 GC heap after
{Heap after GC invocations=92 (full 0):
 garbage-first heap   total 460800K, used 179128K [0x0000000080000000, 0x0000000100000000)
  region size 1024K, 9 young (9216K), 9 survivors (9216K)
 Metaspace       used 130127K, committed 131136K, reserved 1179648K
  class space    used 16978K, committed 17472K, reserved 1048576K
}
Event: 287.833 GC heap before
{Heap before GC invocations=92 (full 0):
 garbage-first heap   total 460800K, used 192440K [0x0000000080000000, 0x0000000100000000)
  region size 1024K, 22 young (22528K), 9 survivors (9216K)
 Metaspace       used 130342K, committed 131328K, reserved 1179648K
  class space    used 17007K, committed 17472K, reserved 1048576K
}
Event: 287.865 GC heap after
{Heap after GC invocations=93 (full 0):
 garbage-first heap   total 460800K, used 158147K [0x0000000080000000, 0x0000000100000000)
  region size 1024K, 2 young (2048K), 2 survivors (2048K)
 Metaspace       used 130342K, committed 131328K, reserved 1179648K
  class space    used 17007K, committed 17472K, reserved 1048576K
}
Event: 297.468 GC heap before
{Heap before GC invocations=93 (full 0):
 garbage-first heap   total 460800K, used 349635K [0x0000000080000000, 0x0000000100000000)
  region size 1024K, 190 young (194560K), 2 survivors (2048K)
 Metaspace       used 138492K, committed 139456K, reserved 1179648K
  class space    used 18292K, committed 18752K, reserved 1048576K
}
Event: 297.490 GC heap after
{Heap after GC invocations=94 (full 0):
 garbage-first heap   total 460800K, used 173870K [0x0000000080000000, 0x0000000100000000)
  region size 1024K, 17 young (17408K), 17 survivors (17408K)
 Metaspace       used 138492K, committed 139456K, reserved 1179648K
  class space    used 18292K, committed 18752K, reserved 1048576K
}
Event: 299.885 GC heap before
{Heap before GC invocations=94 (full 0):
 garbage-first heap   total 460800K, used 270126K [0x0000000080000000, 0x0000000100000000)
  region size 1024K, 113 young (115712K), 17 survivors (17408K)
 Metaspace       used 145035K, committed 146048K, reserved 1179648K
  class space    used 19190K, committed 19712K, reserved 1048576K
}
Event: 299.934 GC heap after
{Heap after GC invocations=95 (full 0):
 garbage-first heap   total 460800K, used 183243K [0x0000000080000000, 0x0000000100000000)
  region size 1024K, 11 young (11264K), 11 survivors (11264K)
 Metaspace       used 145035K, committed 146048K, reserved 1179648K
  class space    used 19190K, committed 19712K, reserved 1048576K
}
Event: 345.756 GC heap before
{Heap before GC invocations=96 (full 0):
 garbage-first heap   total 460800K, used 432075K [0x0000000080000000, 0x0000000100000000)
  region size 1024K, 119 young (121856K), 11 survivors (11264K)
 Metaspace       used 146295K, committed 147392K, reserved 1179648K
  class space    used 19388K, committed 19904K, reserved 1048576K
}
Event: 345.819 GC heap after
{Heap after GC invocations=97 (full 0):
 garbage-first heap   total 477184K, used 291328K [0x0000000080000000, 0x0000000100000000)
  region size 1024K, 23 young (23552K), 23 survivors (23552K)
 Metaspace       used 146295K, committed 147392K, reserved 1179648K
  class space    used 19388K, committed 19904K, reserved 1048576K
}
Event: 345.828 GC heap before
{Heap before GC invocations=97 (full 0):
 garbage-first heap   total 477184K, used 292352K [0x0000000080000000, 0x0000000100000000)
  region size 1024K, 24 young (24576K), 23 survivors (23552K)
 Metaspace       used 146295K, committed 147392K, reserved 1179648K
  class space    used 19388K, committed 19904K, reserved 1048576K
}
Event: 345.855 GC heap after
{Heap after GC invocations=98 (full 0):
 garbage-first heap   total 477184K, used 288599K [0x0000000080000000, 0x0000000100000000)
  region size 1024K, 2 young (2048K), 2 survivors (2048K)
 Metaspace       used 146295K, committed 147392K, reserved 1179648K
  class space    used 19388K, committed 19904K, reserved 1048576K
}
Event: 347.197 GC heap before
{Heap before GC invocations=98 (full 0):
 garbage-first heap   total 477184K, used 303959K [0x0000000080000000, 0x0000000100000000)
  region size 1024K, 18 young (18432K), 2 survivors (2048K)
 Metaspace       used 146295K, committed 147392K, reserved 1179648K
  class space    used 19388K, committed 19904K, reserved 1048576K
}
Event: 347.218 GC heap after
{Heap after GC invocations=99 (full 0):
 garbage-first heap   total 477184K, used 294415K [0x0000000080000000, 0x0000000100000000)
  region size 1024K, 8 young (8192K), 8 survivors (8192K)
 Metaspace       used 146295K, committed 147392K, reserved 1179648K
  class space    used 19388K, committed 19904K, reserved 1048576K
}
Event: 348.758 GC heap before
{Heap before GC invocations=100 (full 0):
 garbage-first heap   total 508928K, used 371215K [0x0000000080000000, 0x0000000100000000)
  region size 1024K, 78 young (79872K), 8 survivors (8192K)
 Metaspace       used 146313K, committed 147392K, reserved 1179648K
  class space    used 19389K, committed 19904K, reserved 1048576K
}
Event: 348.915 GC heap after
{Heap after GC invocations=101 (full 0):
 garbage-first heap   total 508928K, used 327209K [0x0000000080000000, 0x0000000100000000)
  region size 1024K, 10 young (10240K), 10 survivors (10240K)
 Metaspace       used 146313K, committed 147392K, reserved 1179648K
  class space    used 19389K, committed 19904K, reserved 1048576K
}
Event: 349.204 GC heap before
{Heap before GC invocations=101 (full 0):
 garbage-first heap   total 508928K, used 341545K [0x0000000080000000, 0x0000000100000000)
  region size 1024K, 24 young (24576K), 10 survivors (10240K)
 Metaspace       used 146313K, committed 147392K, reserved 1179648K
  class space    used 19389K, committed 19904K, reserved 1048576K
}

