# JRE version: OpenJDK Runtime Environment (17.0.11) (build 17.0.11+0--11852314)
# Java VM: OpenJDK 64-Bit Server VM (17.0.11+0--11852314, mixed mode, tiered, compressed oops, compressed class ptrs, g1 gc, windows-amd64)
GC Precious Log:
 CPUs: 4 total, 4 available
 Memory: 11982M
 Large Page Support: Disabled
 NUMA Support: Disabled
 Compressed Oops: Enabled (32-bit)
 Heap Region Size: 1M
 Heap Min Capacity: 8M
 Heap Initial Capacity: 188M
 Heap Max Capacity: 2G
 Pre-touch: Disabled
 Parallel Workers: 4
 Concurrent Workers: 1
 Concurrent Refinement Workers: 4
 Periodic GC: Disabled
Heap:
 garbage-first heap   total 299008K, used 179540K [0x0000000080000000, 0x0000000100000000)
  region size 1024K, 12 young (12288K), 2 survivors (2048K)
 Metaspace       used 124219K, committed 125120K, reserved 1179648K
  class space    used 16693K, committed 17152K, reserved 1048576K
GC Heap History (20 events):
Event: 76.763 GC heap before
{Heap before GC invocations=51 (full 0):
 garbage-first heap   total 214016K, used 179176K [0x0000000080000000, 0x0000000100000000)
  region size 1024K, 54 young (55296K), 6 survivors (6144K)
 Metaspace       used 115631K, committed 116480K, reserved 1179648K
  class space    used 15709K, committed 16128K, reserved 1048576K
}
Event: 76.774 GC heap after
{Heap after GC invocations=52 (full 0):
 garbage-first heap   total 214016K, used 133181K [0x0000000080000000, 0x0000000100000000)
  region size 1024K, 5 young (5120K), 5 survivors (5120K)
 Metaspace       used 115631K, committed 116480K, reserved 1179648K
  class space    used 15709K, committed 16128K, reserved 1048576K
}
Event: 80.883 GC heap before
{Heap before GC invocations=52 (full 0):
 garbage-first heap   total 214016K, used 179261K [0x0000000080000000, 0x0000000100000000)
  region size 1024K, 51 young (52224K), 5 survivors (5120K)
 Metaspace       used 116201K, committed 117056K, reserved 1179648K
  class space    used 15760K, committed 16192K, reserved 1048576K
}
Event: 80.891 GC heap after
{Heap after GC invocations=53 (full 0):
 garbage-first heap   total 214016K, used 135574K [0x0000000080000000, 0x0000000100000000)
  region size 1024K, 4 young (4096K), 4 survivors (4096K)
 Metaspace       used 116201K, committed 117056K, reserved 1179648K
  class space    used 15760K, committed 16192K, reserved 1048576K
}
Event: 83.420 GC heap before
{Heap before GC invocations=53 (full 0):
 garbage-first heap   total 214016K, used 177558K [0x0000000080000000, 0x0000000100000000)
  region size 1024K, 46 young (47104K), 4 survivors (4096K)
 Metaspace       used 116297K, committed 117120K, reserved 1179648K
  class space    used 15773K, committed 16192K, reserved 1048576K
}
Event: 83.433 GC heap after
{Heap after GC invocations=54 (full 0):
 garbage-first heap   total 214016K, used 138725K [0x0000000080000000, 0x0000000100000000)
  region size 1024K, 4 young (4096K), 4 survivors (4096K)
 Metaspace       used 116297K, committed 117120K, reserved 1179648K
  class space    used 15773K, committed 16192K, reserved 1048576K
}
Event: 86.136 GC heap before
{Heap before GC invocations=54 (full 0):
 garbage-first heap   total 214016K, used 179685K [0x0000000080000000, 0x0000000100000000)
  region size 1024K, 45 young (46080K), 4 survivors (4096K)
 Metaspace       used 116374K, committed 117184K, reserved 1179648K
  class space    used 15778K, committed 16192K, reserved 1048576K
}
Event: 86.152 GC heap after
{Heap after GC invocations=55 (full 0):
 garbage-first heap   total 214016K, used 139909K [0x0000000080000000, 0x0000000100000000)
  region size 1024K, 4 young (4096K), 4 survivors (4096K)
 Metaspace       used 116374K, committed 117184K, reserved 1179648K
  class space    used 15778K, committed 16192K, reserved 1048576K
}
Event: 87.853 GC heap before
{Heap before GC invocations=55 (full 0):
 garbage-first heap   total 214016K, used 178821K [0x0000000080000000, 0x0000000100000000)
  region size 1024K, 43 young (44032K), 4 survivors (4096K)
 Metaspace       used 116401K, committed 117184K, reserved 1179648K
  class space    used 15779K, committed 16192K, reserved 1048576K
}
Event: 87.861 GC heap after
{Heap after GC invocations=56 (full 0):
 garbage-first heap   total 214016K, used 141465K [0x0000000080000000, 0x0000000100000000)
  region size 1024K, 4 young (4096K), 4 survivors (4096K)
 Metaspace       used 116401K, committed 117184K, reserved 1179648K
  class space    used 15779K, committed 16192K, reserved 1048576K
}
Event: 90.107 GC heap before
{Heap before GC invocations=56 (full 0):
 garbage-first heap   total 214016K, used 184473K [0x0000000080000000, 0x0000000100000000)
  region size 1024K, 38 young (38912K), 4 survivors (4096K)
 Metaspace       used 117970K, committed 118848K, reserved 1179648K
  class space    used 15985K, committed 16448K, reserved 1048576K
}
Event: 90.115 GC heap after
{Heap after GC invocations=57 (full 0):
 garbage-first heap   total 214016K, used 151757K [0x0000000080000000, 0x0000000100000000)
  region size 1024K, 5 young (5120K), 5 survivors (5120K)
 Metaspace       used 117970K, committed 118848K, reserved 1179648K
  class space    used 15985K, committed 16448K, reserved 1048576K
}
Event: 90.127 GC heap before
{Heap before GC invocations=57 (full 0):
 garbage-first heap   total 214016K, used 159949K [0x0000000080000000, 0x0000000100000000)
  region size 1024K, 6 young (6144K), 5 survivors (5120K)
 Metaspace       used 117971K, committed 118848K, reserved 1179648K
  class space    used 15985K, committed 16448K, reserved 1048576K
}
Event: 90.132 GC heap after
{Heap after GC invocations=58 (full 0):
 garbage-first heap   total 214016K, used 160079K [0x0000000080000000, 0x0000000100000000)
  region size 1024K, 1 young (1024K), 1 survivors (1024K)
 Metaspace       used 117971K, committed 118848K, reserved 1179648K
  class space    used 15985K, committed 16448K, reserved 1048576K
}
Event: 92.766 GC heap before
{Heap before GC invocations=59 (full 0):
 garbage-first heap   total 299008K, used 292175K [0x0000000080000000, 0x0000000100000000)
  region size 1024K, 16 young (16384K), 1 survivors (1024K)
 Metaspace       used 119387K, committed 120192K, reserved 1179648K
  class space    used 16183K, committed 16576K, reserved 1048576K
}
Event: 92.770 GC heap after
{Heap after GC invocations=60 (full 0):
 garbage-first heap   total 299008K, used 160265K [0x0000000080000000, 0x0000000100000000)
  region size 1024K, 1 young (1024K), 1 survivors (1024K)
 Metaspace       used 119387K, committed 120192K, reserved 1179648K
  class space    used 16183K, committed 16576K, reserved 1048576K
}
Event: 93.066 GC heap before
{Heap before GC invocations=60 (full 0):
 garbage-first heap   total 299008K, used 172553K [0x0000000080000000, 0x0000000100000000)
  region size 1024K, 14 young (14336K), 1 survivors (1024K)
 Metaspace       used 120452K, committed 121280K, reserved 1179648K
  class space    used 16295K, committed 16704K, reserved 1048576K
}
Event: 93.072 GC heap after
{Heap after GC invocations=61 (full 0):
 garbage-first heap   total 299008K, used 156882K [0x0000000080000000, 0x0000000100000000)
  region size 1024K, 1 young (1024K), 1 survivors (1024K)
 Metaspace       used 120452K, committed 121280K, reserved 1179648K
  class space    used 16295K, committed 16704K, reserved 1048576K
}
Event: 794.590 GC heap before
{Heap before GC invocations=61 (full 0):
 garbage-first heap   total 299008K, used 213202K [0x0000000080000000, 0x0000000100000000)
  region size 1024K, 58 young (59392K), 1 survivors (1024K)
 Metaspace       used 123489K, committed 124352K, reserved 1179648K
  class space    used 16548K, committed 16960K, reserved 1048576K
}
Event: 794.717 GC heap after
{Heap after GC invocations=62 (full 0):
 garbage-first heap   total 299008K, used 158036K [0x0000000080000000, 0x0000000100000000)
  region size 1024K, 2 young (2048K), 2 survivors (2048K)
 Metaspace       used 123489K, committed 124352K, reserved 1179648K
  class space    used 16548K, committed 16960K, reserved 1048576K
}

